mode: atomic
github.com/orange-cloudfoundry/custom_exporter/custom_exporter.go:41.75,44.32 2 0
github.com/orange-cloudfoundry/custom_exporter/custom_exporter.go:50.2,50.21 1 0
github.com/orange-cloudfoundry/custom_exporter/custom_exporter.go:54.2,54.15 1 0
github.com/orange-cloudfoundry/custom_exporter/custom_exporter.go:44.32,45.50 1 0
github.com/orange-cloudfoundry/custom_exporter/custom_exporter.go:45.50,47.4 1 0
github.com/orange-cloudfoundry/custom_exporter/custom_exporter.go:50.21,52.3 1 0
github.com/orange-cloudfoundry/custom_exporter/custom_exporter.go:57.76,61.32 3 0
github.com/orange-cloudfoundry/custom_exporter/custom_exporter.go:68.2,68.16 1 0
github.com/orange-cloudfoundry/custom_exporter/custom_exporter.go:73.2,73.12 1 0
github.com/orange-cloudfoundry/custom_exporter/custom_exporter.go:62.2,63.36 1 0
github.com/orange-cloudfoundry/custom_exporter/custom_exporter.go:64.2,65.13 1 0
github.com/orange-cloudfoundry/custom_exporter/custom_exporter.go:68.16,71.3 2 0
github.com/orange-cloudfoundry/custom_exporter/custom_exporter.go:76.13,78.2 1 1
github.com/orange-cloudfoundry/custom_exporter/custom_exporter.go:80.13,83.18 2 0
github.com/orange-cloudfoundry/custom_exporter/custom_exporter.go:88.2,88.26 1 0
github.com/orange-cloudfoundry/custom_exporter/custom_exporter.go:93.2,93.48 1 0
github.com/orange-cloudfoundry/custom_exporter/custom_exporter.go:97.2,102.66 4 0
github.com/orange-cloudfoundry/custom_exporter/custom_exporter.go:108.2,111.68 3 0
github.com/orange-cloudfoundry/custom_exporter/custom_exporter.go:115.2,116.53 2 0
github.com/orange-cloudfoundry/custom_exporter/custom_exporter.go:83.18,86.3 2 0
github.com/orange-cloudfoundry/custom_exporter/custom_exporter.go:88.26,91.3 2 0
github.com/orange-cloudfoundry/custom_exporter/custom_exporter.go:93.48,95.3 1 0
github.com/orange-cloudfoundry/custom_exporter/custom_exporter.go:102.66,104.3 1 0
github.com/orange-cloudfoundry/custom_exporter/custom_exporter.go:104.3,106.3 1 0
github.com/orange-cloudfoundry/custom_exporter/custom_exporter.go:111.68,113.3 1 0
